Performing C SOURCE FILE Test CMAKE_HAVE_LIBC_PTHREAD failed with the following output:
Change Dir: /workspaces/AP1400-2-HW1/build/CMakeFiles/CMakeTmp

Run Build Command(s):/usr/bin/gmake cmTC_95fc2/fast && gmake: Warning: File 'Makefile' has modification time 0.68 s in the future
/usr/bin/gmake  -f CMakeFiles/cmTC_95fc2.dir/build.make CMakeFiles/cmTC_95fc2.dir/build
gmake[1]: Entering directory '/workspaces/AP1400-2-HW1/build/CMakeFiles/CMakeTmp'
gmake[1]: Warning: File 'CMakeFiles/cmTC_95fc2.dir/flags.make' has modification time 0.66 s in the future
Building C object CMakeFiles/cmTC_95fc2.dir/src.c.o
/usr/bin/cc   -DCMAKE_HAVE_LIBC_PTHREAD -o CMakeFiles/cmTC_95fc2.dir/src.c.o -c /workspaces/AP1400-2-HW1/build/CMakeFiles/CMakeTmp/src.c
Linking C executable cmTC_95fc2
/usr/bin/cmake -E cmake_link_script CMakeFiles/cmTC_95fc2.dir/link.txt --verbose=1
/usr/bin/cc  -DCMAKE_HAVE_LIBC_PTHREAD CMakeFiles/cmTC_95fc2.dir/src.c.o -o cmTC_95fc2 
/usr/bin/ld: CMakeFiles/cmTC_95fc2.dir/src.c.o: in function `main':
src.c:(.text+0x2d): undefined reference to `pthread_create'
/usr/bin/ld: src.c:(.text+0x39): undefined reference to `pthread_detach'
/usr/bin/ld: src.c:(.text+0x45): undefined reference to `pthread_cancel'
/usr/bin/ld: src.c:(.text+0x56): undefined reference to `pthread_join'
collect2: error: ld returned 1 exit status
gmake[1]: *** [CMakeFiles/cmTC_95fc2.dir/build.make:106: cmTC_95fc2] Error 1
gmake[1]: Leaving directory '/workspaces/AP1400-2-HW1/build/CMakeFiles/CMakeTmp'
gmake: *** [Makefile:140: cmTC_95fc2/fast] Error 2


Source file was:
#include <pthread.h>

void* test_func(void* data)
{
  return data;
}

int main(void)
{
  pthread_t thread;
  pthread_create(&thread, NULL, test_func, NULL);
  pthread_detach(thread);
  pthread_cancel(thread);
  pthread_join(thread, NULL);
  pthread_atfork(NULL, NULL, NULL);
  pthread_exit(NULL);

  return 0;
}

Determining if the function pthread_create exists in the pthreads failed with the following output:
Change Dir: /workspaces/AP1400-2-HW1/build/CMakeFiles/CMakeTmp

Run Build Command(s):/usr/bin/gmake cmTC_49b8f/fast && /usr/bin/gmake  -f CMakeFiles/cmTC_49b8f.dir/build.make CMakeFiles/cmTC_49b8f.dir/build
gmake[1]: Entering directory '/workspaces/AP1400-2-HW1/build/CMakeFiles/CMakeTmp'
Building C object CMakeFiles/cmTC_49b8f.dir/CheckFunctionExists.c.o
/usr/bin/cc   -DCHECK_FUNCTION_EXISTS=pthread_create -o CMakeFiles/cmTC_49b8f.dir/CheckFunctionExists.c.o -c /usr/share/cmake-3.18/Modules/CheckFunctionExists.c
Linking C executable cmTC_49b8f
/usr/bin/cmake -E cmake_link_script CMakeFiles/cmTC_49b8f.dir/link.txt --verbose=1
/usr/bin/cc  -DCHECK_FUNCTION_EXISTS=pthread_create CMakeFiles/cmTC_49b8f.dir/CheckFunctionExists.c.o -o cmTC_49b8f  -lpthreads 
/usr/bin/ld: cannot find -lpthreads
collect2: error: ld returned 1 exit status
gmake[1]: *** [CMakeFiles/cmTC_49b8f.dir/build.make:106: cmTC_49b8f] Error 1
gmake[1]: Leaving directory '/workspaces/AP1400-2-HW1/build/CMakeFiles/CMakeTmp'
gmake: *** [Makefile:140: cmTC_49b8f/fast] Error 2



